<?xml version="1.0" encoding="UTF-8"?>
<testng-results ignored="0" total="2" passed="2" failed="0" skipped="0">
  <reporter-output>
  </reporter-output>
  <suite started-at="2021-08-14T02:07:00 IST" name="Default suite" finished-at="2021-08-14T02:07:18 IST" duration-ms="18626">
    <groups>
    </groups>
    <test started-at="2021-08-14T02:07:00 IST" name="Default test" finished-at="2021-08-14T02:07:18 IST" duration-ms="18626">
      <class name="module9.SauceDemo3">
        <test-method is-config="true" signature="Launch()[pri:0, instance:module9.SauceDemo3@50b472aa]" started-at="2021-08-14T02:07:00 IST" name="Launch" finished-at="2021-08-14T02:07:03 IST" duration-ms="2998" status="PASS">
          <reporter-output>
          </reporter-output>
        </test-method> <!-- Launch -->
        <test-method signature="Details(java.lang.String,java.lang.String)[pri:1, instance:module9.SauceDemo3@50b472aa]" started-at="2021-08-14T02:07:04 IST" name="Details" data-provider="input" finished-at="2021-08-14T02:07:07 IST" duration-ms="2337" status="PASS">
          <params>
            <param index="0">
              <value>
                <![CDATA[standard_user]]>
              </value>
            </param>
            <param index="1">
              <value>
                <![CDATA[secret_sauce]]>
              </value>
            </param>
          </params>
          <reporter-output>
          </reporter-output>
        </test-method> <!-- Details -->
        <test-method is-config="true" signature="logout()[pri:0, instance:module9.SauceDemo3@50b472aa]" started-at="2021-08-14T02:07:07 IST" name="logout" finished-at="2021-08-14T02:07:12 IST" duration-ms="5419" status="PASS">
          <reporter-output>
          </reporter-output>
        </test-method> <!-- logout -->
        <test-method signature="Details(java.lang.String,java.lang.String)[pri:1, instance:module9.SauceDemo3@50b472aa]" started-at="2021-08-14T02:07:12 IST" name="Details" data-provider="input" finished-at="2021-08-14T02:07:13 IST" duration-ms="729" status="PASS">
          <params>
            <param index="0">
              <value>
                <![CDATA[problem_user]]>
              </value>
            </param>
            <param index="1">
              <value>
                <![CDATA[secret_sauce]]>
              </value>
            </param>
          </params>
          <reporter-output>
          </reporter-output>
        </test-method> <!-- Details -->
        <test-method is-config="true" signature="logout()[pri:0, instance:module9.SauceDemo3@50b472aa]" started-at="2021-08-14T02:07:13 IST" name="logout" finished-at="2021-08-14T02:07:18 IST" duration-ms="5241" status="PASS">
          <reporter-output>
          </reporter-output>
        </test-method> <!-- logout -->
        <test-method is-config="true" signature="Close()[pri:0, instance:module9.SauceDemo3@50b472aa]" started-at="2021-08-14T02:07:18 IST" name="Close" finished-at="2021-08-14T02:07:18 IST" duration-ms="165" status="PASS">
          <reporter-output>
          </reporter-output>
        </test-method> <!-- Close -->
      </class> <!-- module9.SauceDemo3 -->
    </test> <!-- Default test -->
  </suite> <!-- Default suite -->
</testng-results>
